# JRE version: OpenJDK Runtime Environment (8.0_112-b06) (build 1.8.0_112-release-b06)
# Java VM: OpenJDK 64-Bit Server VM (25.112-b06 mixed mode linux-amd64 compressed oops)
Heap:
 PSYoungGen      total 404480K, used 0K [0x00000000e0000000, 0x00000000ff980000, 0x0000000100000000)
  eden space 353792K, 0% used [0x00000000e0000000,0x00000000e0000000,0x00000000f5980000)
  from space 50688K, 0% used [0x00000000f5980000,0x00000000f5980000,0x00000000f8b00000)
  to   space 81920K, 0% used [0x00000000fa980000,0x00000000fa980000,0x00000000ff980000)
 ParOldGen       total 738304K, used 723782K [0x00000000a0000000, 0x00000000cd100000, 0x00000000e0000000)
  object space 738304K, 98% used [0x00000000a0000000,0x00000000cc2d1920,0x00000000cd100000)
 Metaspace       used 94670K, capacity 100632K, committed 108440K, reserved 1142784K
  class space    used 11746K, capacity 12661K, committed 14512K, reserved 1048576K
GC Heap History (10 events):
Event: 7719.161 GC heap after
Heap after GC invocations=233 (full 22):
 PSYoungGen      total 430592K, used 55265K [0x00000000e0000000, 0x0000000100000000, 0x0000000100000000)
  eden space 344576K, 0% used [0x00000000e0000000,0x00000000e0000000,0x00000000f5080000)
  from space 86016K, 64% used [0x00000000f5080000,0x00000000f8678680,0x00000000fa480000)
  to   space 85504K, 0% used [0x00000000fac80000,0x00000000fac80000,0x0000000100000000)
 ParOldGen       total 738304K, used 463505K [0x00000000a0000000, 0x00000000cd100000, 0x00000000e0000000)
  object space 738304K, 62% used [0x00000000a0000000,0x00000000bc4a46d8,0x00000000cd100000)
 Metaspace       used 94670K, capacity 100632K, committed 108440K, reserved 1142784K
  class space    used 11746K, capacity 12661K, committed 14512K, reserved 1048576K
}
Event: 7721.196 GC heap before
{Heap before GC invocations=234 (full 22):
 PSYoungGen      total 430592K, used 399841K [0x00000000e0000000, 0x0000000100000000, 0x0000000100000000)
  eden space 344576K, 100% used [0x00000000e0000000,0x00000000f5080000,0x00000000f5080000)
  from space 86016K, 64% used [0x00000000f5080000,0x00000000f8678680,0x00000000fa480000)
  to   space 85504K, 0% used [0x00000000fac80000,0x00000000fac80000,0x0000000100000000)
 ParOldGen       total 738304K, used 463505K [0x00000000a0000000, 0x00000000cd100000, 0x00000000e0000000)
  object space 738304K, 62% used [0x00000000a0000000,0x00000000bc4a46d8,0x00000000cd100000)
 Metaspace       used 94670K, capacity 100632K, committed 108440K, reserved 1142784K
  class space    used 11746K, capacity 12661K, committed 14512K, reserved 1048576K
Event: 7725.879 GC heap after
Heap after GC invocations=234 (full 22):
 PSYoungGen      total 434688K, used 52672K [0x00000000e0000000, 0x00000000ffc80000, 0x0000000100000000)
  eden space 352768K, 0% used [0x00000000e0000000,0x00000000e0000000,0x00000000f5880000)
  from space 81920K, 64% used [0x00000000fac80000,0x00000000fdff0178,0x00000000ffc80000)
  to   space 83968K, 0% used [0x00000000f5880000,0x00000000f5880000,0x00000000faa80000)
 ParOldGen       total 738304K, used 516303K [0x00000000a0000000, 0x00000000cd100000, 0x00000000e0000000)
  object space 738304K, 69% used [0x00000000a0000000,0x00000000bf833ca0,0x00000000cd100000)
 Metaspace       used 94670K, capacity 100632K, committed 108440K, reserved 1142784K
  class space    used 11746K, capacity 12661K, committed 14512K, reserved 1048576K
}
Event: 7726.894 GC heap before
{Heap before GC invocations=235 (full 22):
 PSYoungGen      total 434688K, used 405440K [0x00000000e0000000, 0x00000000ffc80000, 0x0000000100000000)
  eden space 352768K, 100% used [0x00000000e0000000,0x00000000f5880000,0x00000000f5880000)
  from space 81920K, 64% used [0x00000000fac80000,0x00000000fdff0178,0x00000000ffc80000)
  to   space 83968K, 0% used [0x00000000f5880000,0x00000000f5880000,0x00000000faa80000)
 ParOldGen       total 738304K, used 516303K [0x00000000a0000000, 0x00000000cd100000, 0x00000000e0000000)
  object space 738304K, 69% used [0x00000000a0000000,0x00000000bf833ca0,0x00000000cd100000)
 Metaspace       used 94670K, capacity 100632K, committed 108440K, reserved 1142784K
  class space    used 11746K, capacity 12661K, committed 14512K, reserved 1048576K
Event: 7761.059 GC heap after
Heap after GC invocations=235 (full 22):
 PSYoungGen      total 436736K, used 59803K [0x00000000e0000000, 0x0000000100000000, 0x0000000100000000)
  eden space 352768K, 0% used [0x00000000e0000000,0x00000000e0000000,0x00000000f5880000)
  from space 83968K, 71% used [0x00000000f5880000,0x00000000f92e6cf0,0x00000000faa80000)
  to   space 85504K, 0% used [0x00000000fac80000,0x00000000fac80000,0x0000000100000000)
 ParOldGen       total 738304K, used 567122K [0x00000000a0000000, 0x00000000cd100000, 0x00000000e0000000)
  object space 738304K, 76% used [0x00000000a0000000,0x00000000c29d4b70,0x00000000cd100000)
 Metaspace       used 94670K, capacity 100632K, committed 108440K, reserved 1142784K
  class space    used 11746K, capacity 12661K, committed 14512K, reserved 1048576K
}
Event: 7763.213 GC heap before
{Heap before GC invocations=236 (full 22):
 PSYoungGen      total 436736K, used 412571K [0x00000000e0000000, 0x0000000100000000, 0x0000000100000000)
  eden space 352768K, 100% used [0x00000000e0000000,0x00000000f5880000,0x00000000f5880000)
  from space 83968K, 71% used [0x00000000f5880000,0x00000000f92e6cf0,0x00000000faa80000)
  to   space 85504K, 0% used [0x00000000fac80000,0x00000000fac80000,0x0000000100000000)
 ParOldGen       total 738304K, used 567122K [0x00000000a0000000, 0x00000000cd100000, 0x00000000e0000000)
  object space 738304K, 76% used [0x00000000a0000000,0x00000000c29d4b70,0x00000000cd100000)
 Metaspace       used 94670K, capacity 100632K, committed 108440K, reserved 1142784K
  class space    used 11746K, capacity 12661K, committed 14512K, reserved 1048576K
Event: 7767.302 GC heap after
Heap after GC invocations=236 (full 22):
 PSYoungGen      total 439296K, used 57375K [0x00000000e0000000, 0x0000000100000000, 0x0000000100000000)
  eden space 353792K, 0% used [0x00000000e0000000,0x00000000e0000000,0x00000000f5980000)
  from space 85504K, 67% used [0x00000000fac80000,0x00000000fe487e08,0x0000000100000000)
  to   space 84992K, 0% used [0x00000000f5980000,0x00000000f5980000,0x00000000fac80000)
 ParOldGen       total 738304K, used 623819K [0x00000000a0000000, 0x00000000cd100000, 0x00000000e0000000)
  object space 738304K, 84% used [0x00000000a0000000,0x00000000c6132e10,0x00000000cd100000)
 Metaspace       used 94670K, capacity 100632K, committed 108440K, reserved 1142784K
  class space    used 11746K, capacity 12661K, committed 14512K, reserved 1048576K
}
Event: 7769.440 GC heap before
{Heap before GC invocations=237 (full 22):
 PSYoungGen      total 439296K, used 411167K [0x00000000e0000000, 0x0000000100000000, 0x0000000100000000)
  eden space 353792K, 100% used [0x00000000e0000000,0x00000000f5980000,0x00000000f5980000)
  from space 85504K, 67% used [0x00000000fac80000,0x00000000fe487e08,0x0000000100000000)
  to   space 84992K, 0% used [0x00000000f5980000,0x00000000f5980000,0x00000000fac80000)
 ParOldGen       total 738304K, used 623819K [0x00000000a0000000, 0x00000000cd100000, 0x00000000e0000000)
  object space 738304K, 84% used [0x00000000a0000000,0x00000000c6132e10,0x00000000cd100000)
 Metaspace       used 94670K, capacity 100632K, committed 108440K, reserved 1142784K
  class space    used 11746K, capacity 12661K, committed 14512K, reserved 1048576K
Event: 7771.340 GC heap after
Heap after GC invocations=237 (full 22):
 PSYoungGen      total 404480K, used 50431K [0x00000000e0000000, 0x00000000ff980000, 0x0000000100000000)
  eden space 353792K, 0% used [0x00000000e0000000,0x00000000e0000000,0x00000000f5980000)
  from space 50688K, 99% used [0x00000000f5980000,0x00000000f8abfe20,0x00000000f8b00000)
  to   space 81920K, 0% used [0x00000000fa980000,0x00000000fa980000,0x00000000ff980000)
 ParOldGen       total 738304K, used 678806K [0x00000000a0000000, 0x00000000cd100000, 0x00000000e0000000)
  object space 738304K, 91% used [0x00000000a0000000,0x00000000c96e5b88,0x00000000cd100000)
 Metaspace       used 94670K, capacity 100632K, committed 108440K, reserved 1142784K
  class space    used 11746K, capacity 12661K, committed 14512K, reserved 1048576K
}
Event: 7771.385 GC heap before
{Heap before GC invocations=238 (full 23):
 PSYoungGen      total 404480K, used 50431K [0x00000000e0000000, 0x00000000ff980000, 0x0000000100000000)
  eden space 353792K, 0% used [0x00000000e0000000,0x00000000e0000000,0x00000000f5980000)
  from space 50688K, 99% used [0x00000000f5980000,0x00000000f8abfe20,0x00000000f8b00000)
  to   space 81920K, 0% used [0x00000000fa980000,0x00000000fa980000,0x00000000ff980000)
 ParOldGen       total 738304K, used 678806K [0x00000000a0000000, 0x00000000cd100000, 0x00000000e0000000)
  object space 738304K, 91% used [0x00000000a0000000,0x00000000c96e5b88,0x00000000cd100000)
 Metaspace       used 94670K, capacity 100632K, committed 108440K, reserved 1142784K
  class space    used 11746K, capacity 12661K, committed 14512K, reserved 1048576K

